opening csv
00-13-a2-00-40-a1-ee-d3
 0
00-13-a2-00-40-a1-f1-43
 1
00-13-a2-00-40-98-98-4f
 2
 1
 2
 0
 2
 0
 1
[['15' ' 77']
 ['31' ' 16']
 ['46' ' 35']
 ..., 
 ['453' ' 0']
 ['468' ' 8']
 ['484' ' 0']]
(111476, 2)
00-13-a2-00-40-a1-ee-d3- 2
classifier made
saved 00-13-a2-00-40-a1-ee-d3- 2
[['15' ' 30']
 ['31' ' 16']
 ['46' ' 30']
 ..., 
 ['453' ' 0']
 ['468' ' 8']
 ['484' ' 0']]
(111693, 2)
00-13-a2-00-40-a1-ee-d3- 0
classifier made
saved 00-13-a2-00-40-a1-ee-d3- 0
[['15' ' 35']
 ['31' ' 0']
 ['46' ' 35']
 ..., 
 ['453' ' 0']
 ['468' ' 0']
 ['484' ' 0']]
(111662, 2)
00-13-a2-00-40-a1-ee-d3- 1
classifier made
saved 00-13-a2-00-40-a1-ee-d3- 1
[['7' ' 80']
 ['15' ' 19']
 ['23' ' 16']
 ..., 
 ['226' ' 8']
 ['234' ' 8']
 ['242' ' 0']]
(111910, 2)
00-13-a2-00-40-98-98-4f- 2
classifier made
saved 00-13-a2-00-40-98-98-4f- 2
[['7' ' 37']
 ['15' ' 0']
 ['23' ' 30']
 ..., 
 ['226' ' 0']
 ['234' ' 0']
 ['242' ' 8']]
(111910, 2)
00-13-a2-00-40-98-98-4f- 0
classifier made
saved 00-13-a2-00-40-98-98-4f- 0
[['7' ' 16']
 ['15' ' 0']
 ['23' ' 35']
 ..., 
 ['226' ' 8']
 ['234' ' 0']
 ['242' ' 8']]
(111879, 2)
00-13-a2-00-40-98-98-4f- 1
classifier made
saved 00-13-a2-00-40-98-98-4f- 1
[['3' ' 80']
 ['6' ' 16']
 ['9' ' 25']
 ..., 
 ['90' ' 0']
 ['93' ' 8']
 ['96' ' 0']]
(111197, 2)
00-13-a2-00-40-a1-f1-43- 2
classifier made
saved 00-13-a2-00-40-a1-f1-43- 2
[['3' ' 35']
 ['6' ' 0']
 ['9' ' 16']
 ..., 
 ['90' ' 8']
 ['93' ' 0']
 ['96' ' 8']]
(111290, 2)
00-13-a2-00-40-a1-f1-43- 0
classifier made
saved 00-13-a2-00-40-a1-f1-43- 0
[['3' ' 35']
 ['6' ' 0']
 ['9' ' 35']
 ..., 
 ['90' ' 0']
 ['93' ' 0']
 ['96' ' 0']]
(111383, 2)
00-13-a2-00-40-a1-f1-43- 1
classifier made
saved 00-13-a2-00-40-a1-f1-43- 1
